2025-12-19 11:28:35,077 - INFO - Building image sweb.base.py.x86_64:latest
Using dockerfile:

FROM --platform=linux/x86_64 ubuntu:22.04

ARG DEBIAN_FRONTEND=noninteractive
ENV TZ=Etc/UTC

RUN apt update && apt install -y \
wget \
git \
build-essential \
libffi-dev \
libtiff-dev \
python3 \
python3-pip \
python-is-python3 \
jq \
curl \
locales \
locales-all \
tzdata \
&& rm -rf /var/lib/apt/lists/*

# Download and install conda
RUN wget 'https://repo.anaconda.com/miniconda/Miniconda3-py311_23.11.0-2-Linux-x86_64.sh' -O miniconda.sh \
    && bash miniconda.sh -b -p /opt/miniconda3
# Add conda to PATH
ENV PATH=/opt/miniconda3/bin:$PATH
# Add conda to shell startup scripts like .bashrc (DO NOT REMOVE THIS)
RUN conda init --all
RUN conda config --append channels conda-forge

RUN adduser --disabled-password --gecos 'dog' nonroot

Adding (0) setup scripts to image build repo
2025-12-19 11:28:35,077 - INFO - Building docker image sweb.base.py.x86_64:latest in logs/build_images/base/sweb.base.py.x86_64__latest with platform linux/x86_64
2025-12-19 11:28:35,082 - INFO - Step 1/9 : FROM --platform=linux/x86_64 ubuntu:22.04
2025-12-19 11:28:35,083 - INFO - 
2025-12-19 11:28:35,083 - INFO - ---> 9fa3e2b5204f
2025-12-19 11:28:35,083 - INFO - Step 2/9 : ARG DEBIAN_FRONTEND=noninteractive
2025-12-19 11:28:35,083 - INFO - 
2025-12-19 11:28:35,083 - INFO - ---> Using cache
2025-12-19 11:28:35,083 - INFO - ---> e22b6e7b3a48
2025-12-19 11:28:35,083 - INFO - Step 3/9 : ENV TZ=Etc/UTC
2025-12-19 11:28:35,083 - INFO - 
2025-12-19 11:28:35,083 - INFO - ---> Using cache
2025-12-19 11:28:35,083 - INFO - ---> 04dab09f5915
2025-12-19 11:28:35,083 - INFO - Step 4/9 : RUN apt update && apt install -y wget git build-essential libffi-dev libtiff-dev python3 python3-pip python-is-python3 jq curl locales locales-all tzdata && rm -rf /var/lib/apt/lists/*
2025-12-19 11:28:35,083 - INFO - 
2025-12-19 11:28:35,083 - INFO - ---> Using cache
2025-12-19 11:28:35,083 - INFO - ---> 3538247d1ac1
2025-12-19 11:28:35,083 - INFO - Step 5/9 : RUN wget 'https://repo.anaconda.com/miniconda/Miniconda3-py311_23.11.0-2-Linux-x86_64.sh' -O miniconda.sh     && bash miniconda.sh -b -p /opt/miniconda3
2025-12-19 11:28:35,083 - INFO - 
2025-12-19 11:28:35,084 - INFO - ---> Using cache
2025-12-19 11:28:35,084 - INFO - ---> a901c08a37b6
2025-12-19 11:28:35,084 - INFO - Step 6/9 : ENV PATH=/opt/miniconda3/bin:$PATH
2025-12-19 11:28:35,084 - INFO - 
2025-12-19 11:28:35,084 - INFO - ---> Using cache
2025-12-19 11:28:35,084 - INFO - ---> 302a17c709ca
2025-12-19 11:28:35,084 - INFO - Step 7/9 : RUN conda init --all
2025-12-19 11:28:35,084 - INFO - 
2025-12-19 11:28:35,084 - INFO - ---> Using cache
2025-12-19 11:28:35,084 - INFO - ---> 529c6e74b75a
2025-12-19 11:28:35,084 - INFO - Step 8/9 : RUN conda config --append channels conda-forge
2025-12-19 11:28:35,084 - INFO - 
2025-12-19 11:28:35,084 - INFO - ---> Using cache
2025-12-19 11:28:35,084 - INFO - ---> d523e7b33389
2025-12-19 11:28:35,084 - INFO - Step 9/9 : RUN adduser --disabled-password --gecos 'dog' nonroot
2025-12-19 11:28:35,084 - INFO - 
2025-12-19 11:28:35,084 - INFO - ---> Using cache
2025-12-19 11:28:35,084 - INFO - ---> aea44d7f1602
2025-12-19 11:28:35,084 - INFO - Successfully built aea44d7f1602
2025-12-19 11:28:35,089 - INFO - Successfully tagged sweb.base.py.x86_64:latest
2025-12-19 11:28:35,089 - INFO - Image built successfully!
